<?xml version="1.0" encoding="utf-8" standalone="no"?>
<!--This file represents the results of running a test suite-->
<test-results name="C:\svn_mmclarnon\PXCheckout\PX\TestMaster\TestMaster.nunit" total="1" errors="0" failures="1" not-run="0" inconclusive="0" ignored="0" skipped="0" invalid="0" date="2010-09-24" time="15:23:56">
  <environment nunit-version="2.5.7.10213" clr-version="2.0.50727.3615" os-version="Microsoft Windows NT 5.2.3790 Service Pack 2" platform="Win32NT" cwd="C:\svn_mmclarnon\PXCheckout\PX\TestMaster\bin\Debug" machine-name="VSCONVERSION" user="mmclarnon" user-domain="NEWYORK" />
  <culture-info current-culture="en-US" current-uiculture="en-US" />
  <test-suite type="Project" name="C:\svn_mmclarnon\PXCheckout\PX\TestMaster\TestMaster.nunit" executed="True" result="Failure" success="False" time="125.452" asserts="0">
    <results>
      <test-suite type="Assembly" name="C:\svn_mmclarnon\PXCheckout\PX\TestMaster\bin\Debug\Bfw.Agilix.Commands.Test.dll" executed="True" result="Failure" success="False" time="125.452" asserts="0">
        <results>
          <test-suite type="Namespace" name="Bfw" executed="True" result="Failure" success="False" time="125.452" asserts="0">
            <results>
              <test-suite type="Namespace" name="Agilix" executed="True" result="Failure" success="False" time="125.452" asserts="0">
                <results>
                  <test-suite type="Namespace" name="Commands" executed="True" result="Failure" success="False" time="125.452" asserts="0">
                    <results>
                      <test-suite type="Namespace" name="Test" executed="True" result="Failure" success="False" time="125.452" asserts="0">
                        <results>
                          <test-suite type="TestFixture" name="PutAnnouncementTests" executed="True" result="Error" success="False" time="125.421" asserts="0">
                            <failure>
                              <message><![CDATA[SetUp : System.Xml.XmlException : Root element is missing.]]></message>
                              <stack-trace><![CDATA[at System.Xml.XmlTextReaderImpl.Throw(Exception e)
at System.Xml.XmlTextReaderImpl.ThrowWithoutLineInfo(String res)
at System.Xml.XmlTextReaderImpl.ParseDocumentContent()
at System.Xml.XmlTextReaderImpl.Read()
at System.Xml.XmlTextReader.Read()
at System.Xml.Linq.XDocument.Load(XmlReader reader, LoadOptions options)
at System.Xml.Linq.XDocument.Load(XmlReader reader)
at Bfw.Agilix.Dlap.DlapResponse.ParseResponse(Stream rawData) in C:\svn_mmclarnon\PXCheckout\Bfw.Agilix\Bfw.Agilix.Dlap\DlapResponse.cs:line 113
at Bfw.Agilix.Dlap.DlapConnection.ProcessResponse(HttpWebResponse webResponse) in C:\svn_mmclarnon\PXCheckout\Bfw.Agilix\Bfw.Agilix.Dlap\DlapConnection.cs:line 195
at Bfw.Agilix.Dlap.DlapConnection.Send(DlapRequest request) in C:\svn_mmclarnon\PXCheckout\Bfw.Agilix\Bfw.Agilix.Dlap\DlapConnection.cs:line 83
at Bfw.Agilix.Dlap.Session.SessionManagerBase.Login(DlapConnection connection, String user, String password) in C:\svn_mmclarnon\PXCheckout\Bfw.Agilix\Bfw.Agilix.Dlap\Session\SessionManagerBase.cs:line 34
at Bfw.Agilix.Dlap.Components.Session.ThreadSessionManager.StartNewSession(String username, String password, String token) in C:\svn_mmclarnon\PXCheckout\Bfw.Agilix\Bfw.Agilix.Dlap.Components\Session\ThreadSessionManager.cs:line 54
at Bfw.Agilix.Commands.Test.PutAnnouncementTests.MakeSessionManager(String username, String password) in C:\svn_mmclarnon\PXCheckout\Bfw.Agilix\Bfw.Agilix.Commands.Test\PutAnnouncementTests.cs:line 38
at Bfw.Agilix.Commands.Test.PutAnnouncementTests..ctor() in C:\svn_mmclarnon\PXCheckout\Bfw.Agilix\Bfw.Agilix.Commands.Test\PutAnnouncementTests.cs:line 30
]]></stack-trace>
                            </failure>
                            <results>
                              <test-case name="Bfw.Agilix.Commands.Test.PutAnnouncementTests.TestPutAnnouncement" description="Attempts to store an Annoucement into the dlap server" executed="True" result="Failure" success="False" time="0.000" asserts="0">
                                <failure>
                                  <message><![CDATA[TestFixtureSetUp failed in PutAnnouncementTests]]></message>
                                  <stack-trace />
                                </failure>
                              </test-case>
                            </results>
                          </test-suite>
                        </results>
                      </test-suite>
                    </results>
                  </test-suite>
                </results>
              </test-suite>
            </results>
          </test-suite>
        </results>
      </test-suite>
    </results>
  </test-suite>
</test-results>